2021-12-14 03:43:03.371  INFO CrayTop2 --- [           main] .b.t.c.SpringBootTestContextBootstrapper : Neither @ContextConfiguration nor @ContextHierarchy found for test class [com.govanguard.log4broke.Log4BrokeApplicationTests], using SpringBootContextLoader
2021-12-14 03:43:03.389  INFO CrayTop2 --- [           main] o.s.t.c.s.AbstractContextLoader          : Could not detect default resource locations for test class [com.govanguard.log4broke.Log4BrokeApplicationTests]: no resource found for suffixes {-context.xml, Context.groovy}.
2021-12-14 03:43:03.391  INFO CrayTop2 --- [           main] t.c.s.AnnotationConfigContextLoaderUtils : Could not detect default configuration classes for test class [com.govanguard.log4broke.Log4BrokeApplicationTests]: Log4BrokeApplicationTests does not declare any static, non-private, non-final, nested classes annotated with @Configuration.
2021-12-14 03:43:03.587  INFO CrayTop2 --- [           main] .b.t.c.SpringBootTestContextBootstrapper : Found @SpringBootConfiguration com.govanguard.log4broke.Log4BrokeApplication for test class com.govanguard.log4broke.Log4BrokeApplicationTests
2021-12-14 03:43:03.863  INFO CrayTop2 --- [           main] .b.t.c.SpringBootTestContextBootstrapper : Loaded default TestExecutionListener class names from location [META-INF/spring.factories]: [org.springframework.boot.test.mock.mockito.MockitoTestExecutionListener, org.springframework.boot.test.mock.mockito.ResetMocksTestExecutionListener, org.springframework.boot.test.autoconfigure.restdocs.RestDocsTestExecutionListener, org.springframework.boot.test.autoconfigure.web.client.MockRestServiceServerResetTestExecutionListener, org.springframework.boot.test.autoconfigure.web.servlet.MockMvcPrintOnlyOnFailureTestExecutionListener, org.springframework.boot.test.autoconfigure.web.servlet.WebDriverTestExecutionListener, org.springframework.test.context.web.ServletTestExecutionListener, org.springframework.test.context.support.DirtiesContextBeforeModesTestExecutionListener, org.springframework.test.context.support.DependencyInjectionTestExecutionListener, org.springframework.test.context.support.DirtiesContextTestExecutionListener, org.springframework.test.context.transaction.TransactionalTestExecutionListener, org.springframework.test.context.jdbc.SqlScriptsTestExecutionListener]
2021-12-14 03:43:03.895  INFO CrayTop2 --- [           main] .b.t.c.SpringBootTestContextBootstrapper : Using TestExecutionListeners: [org.springframework.test.context.web.ServletTestExecutionListener@47caedad, org.springframework.test.context.support.DirtiesContextBeforeModesTestExecutionListener@7139992f, org.springframework.boot.test.mock.mockito.MockitoTestExecutionListener@69504ae9, org.springframework.boot.test.autoconfigure.SpringBootDependencyInjectionTestExecutionListener@387a8303, org.springframework.test.context.support.DirtiesContextTestExecutionListener@28cda624, org.springframework.boot.test.mock.mockito.ResetMocksTestExecutionListener@1500b2f3, org.springframework.boot.test.autoconfigure.restdocs.RestDocsTestExecutionListener@7eecb5b8, org.springframework.boot.test.autoconfigure.web.client.MockRestServiceServerResetTestExecutionListener@126253fd, org.springframework.boot.test.autoconfigure.web.servlet.MockMvcPrintOnlyOnFailureTestExecutionListener@57db2b13, org.springframework.boot.test.autoconfigure.web.servlet.WebDriverTestExecutionListener@475c9c31]
2021-12-14 03:43:04.437  INFO CrayTop2 --- [           main] c.g.l.Log4BrokeApplicationTests          : Starting Log4BrokeApplicationTests on CrayTop2 with PID 20106 (started by root in /mnt/c/Users/hackm/Local/Customers/GVIT/Log4jShell_Vulnerable_Site)
2021-12-14 03:43:04.510 DEBUG CrayTop2 --- [           main] c.g.l.Log4BrokeApplicationTests          : Running with Spring Boot v2.0.0.RELEASE, Spring v5.0.4.RELEASE
2021-12-14 03:43:04.511  INFO CrayTop2 --- [           main] c.g.l.Log4BrokeApplicationTests          : No active profile set, falling back to default profiles: default
2021-12-14 03:43:04.738  INFO CrayTop2 --- [           main] o.s.w.c.s.GenericWebApplicationContext   : Refreshing org.springframework.web.context.support.GenericWebApplicationContext@4416d64f: startup date [Tue Dec 14 03:43:04 CST 2021]; root of context hierarchy
2021-12-14 03:43:08.493  INFO CrayTop2 --- [           main] s.w.s.m.m.a.RequestMappingHandlerAdapter : Looking for @ControllerAdvice: org.springframework.web.context.support.GenericWebApplicationContext@4416d64f: startup date [Tue Dec 14 03:43:04 CST 2021]; root of context hierarchy
2021-12-14 03:43:08.779  INFO CrayTop2 --- [           main] s.w.s.m.m.a.RequestMappingHandlerMapping : Mapped "{[/saveDetails],methods=[POST]}" onto public java.lang.String com.govanguard.log4broke.controller.Log4BrokeController.saveDetails(java.lang.String,java.lang.String,org.springframework.ui.ModelMap)
2021-12-14 03:43:08.784  INFO CrayTop2 --- [           main] s.w.s.m.m.a.RequestMappingHandlerMapping : Mapped "{[/],methods=[GET]}" onto public java.lang.String com.govanguard.log4broke.controller.Log4BrokeController.getForm(org.springframework.ui.Model)
2021-12-14 03:43:08.793  INFO CrayTop2 --- [           main] s.w.s.m.m.a.RequestMappingHandlerMapping : Mapped "{[/error],produces=[text/html]}" onto public org.springframework.web.servlet.ModelAndView org.springframework.boot.autoconfigure.web.servlet.error.BasicErrorController.errorHtml(javax.servlet.http.HttpServletRequest,javax.servlet.http.HttpServletResponse)
2021-12-14 03:43:08.795  INFO CrayTop2 --- [           main] s.w.s.m.m.a.RequestMappingHandlerMapping : Mapped "{[/error]}" onto public org.springframework.http.ResponseEntity<java.util.Map<java.lang.String, java.lang.Object>> org.springframework.boot.autoconfigure.web.servlet.error.BasicErrorController.error(javax.servlet.http.HttpServletRequest)
2021-12-14 03:43:08.907  INFO CrayTop2 --- [           main] o.s.w.s.h.SimpleUrlHandlerMapping        : Mapped URL path [/webjars/**] onto handler of type [class org.springframework.web.servlet.resource.ResourceHttpRequestHandler]
2021-12-14 03:43:08.908  INFO CrayTop2 --- [           main] o.s.w.s.h.SimpleUrlHandlerMapping        : Mapped URL path [/**] onto handler of type [class org.springframework.web.servlet.resource.ResourceHttpRequestHandler]
2021-12-14 03:43:09.029  INFO CrayTop2 --- [           main] o.s.w.s.h.SimpleUrlHandlerMapping        : Mapped URL path [/**/favicon.ico] onto handler of type [class org.springframework.web.servlet.resource.ResourceHttpRequestHandler]
2021-12-14 03:43:09.493  INFO CrayTop2 --- [           main] c.g.l.Log4BrokeApplicationTests          : Started Log4BrokeApplicationTests in 5.53 seconds (JVM running for 7.914)
2021-12-14 03:43:09.496 DEBUG CrayTop2 --- [           main] c.g.l.Log4BrokeApplication               : !!!!!!!!!!Don't use this for anything important! Intentionally vulnerable!!!!!!!!
2021-12-14 03:43:10.029  INFO CrayTop2 --- [       Thread-2] o.s.w.c.s.GenericWebApplicationContext   : Closing org.springframework.web.context.support.GenericWebApplicationContext@4416d64f: startup date [Tue Dec 14 03:43:04 CST 2021]; root of context hierarchy
2021-12-14 03:54:48.897  INFO CrayTop2 --- [           main] c.g.l.Log4BrokeApplication               : Starting Log4BrokeApplication v0.0.1-SNAPSHOT on CrayTop2 with PID 20261 (/mnt/c/Users/hackm/Local/Customers/GVIT/Log4jShell_Vulnerable_Site/target/log4jBroke-0.0.1-SNAPSHOT.jar started by root in /mnt/c/Users/hackm/Local/Customers/GVIT/Log4jShell_Vulnerable_Site)
2021-12-14 03:54:48.910 DEBUG CrayTop2 --- [           main] c.g.l.Log4BrokeApplication               : Running with Spring Boot v2.0.0.RELEASE, Spring v5.0.4.RELEASE
2021-12-14 03:54:48.912  INFO CrayTop2 --- [           main] c.g.l.Log4BrokeApplication               : No active profile set, falling back to default profiles: default
2021-12-14 03:54:49.033  INFO CrayTop2 --- [           main] ConfigServletWebServerApplicationContext : Refreshing org.springframework.boot.web.servlet.context.AnnotationConfigServletWebServerApplicationContext@511baa65: startup date [Tue Dec 14 03:54:49 CST 2021]; root of context hierarchy
2021-12-14 03:54:52.042  INFO CrayTop2 --- [           main] o.s.b.w.e.t.TomcatWebServer              : Tomcat initialized with port(s): 443 (https)
2021-12-14 03:54:52.087  INFO CrayTop2 --- [           main] o.a.c.h.Http11NioProtocol                : Initializing ProtocolHandler ["https-jsse-nio-443"]
2021-12-14 03:54:52.109  INFO CrayTop2 --- [           main] o.a.c.c.StandardService                  : Starting service [Tomcat]
2021-12-14 03:54:52.114  INFO CrayTop2 --- [           main] o.a.c.c.StandardEngine                   : Starting Servlet Engine: Apache Tomcat/8.5.28
2021-12-14 03:54:52.132  INFO CrayTop2 --- [ost-startStop-1] o.a.c.c.AprLifecycleListener             : The APR based Apache Tomcat Native library which allows optimal performance in production environments was not found on the java.library.path: [/usr/java/packages/lib/amd64:/usr/lib/x86_64-linux-gnu/jni:/lib/x86_64-linux-gnu:/usr/lib/x86_64-linux-gnu:/usr/lib/jni:/lib:/usr/lib]
2021-12-14 03:54:52.814  INFO CrayTop2 --- [ost-startStop-1] o.a.j.s.TldScanner                       : At least one JAR was scanned for TLDs yet contained no TLDs. Enable debug logging for this logger for a complete list of JARs that were scanned but no TLDs were found in them. Skipping unneeded JARs during scanning can improve startup time and JSP compilation time.
2021-12-14 03:54:53.523  INFO CrayTop2 --- [ost-startStop-1] o.a.c.c.C.[.[.[/]                        : Initializing Spring embedded WebApplicationContext
2021-12-14 03:54:53.538  INFO CrayTop2 --- [ost-startStop-1] o.s.w.c.ContextLoader                    : Root WebApplicationContext: initialization completed in 4511 ms
2021-12-14 03:54:54.248  INFO CrayTop2 --- [ost-startStop-1] o.s.b.w.s.ServletRegistrationBean        : Servlet dispatcherServlet mapped to [/]
2021-12-14 03:54:54.261  INFO CrayTop2 --- [ost-startStop-1] o.s.b.w.s.FilterRegistrationBean         : Mapping filter: 'characterEncodingFilter' to: [/*]
2021-12-14 03:54:54.262  INFO CrayTop2 --- [ost-startStop-1] o.s.b.w.s.FilterRegistrationBean         : Mapping filter: 'hiddenHttpMethodFilter' to: [/*]
2021-12-14 03:54:54.262  INFO CrayTop2 --- [ost-startStop-1] o.s.b.w.s.FilterRegistrationBean         : Mapping filter: 'httpPutFormContentFilter' to: [/*]
2021-12-14 03:54:54.262  INFO CrayTop2 --- [ost-startStop-1] o.s.b.w.s.FilterRegistrationBean         : Mapping filter: 'requestContextFilter' to: [/*]
2021-12-14 03:54:54.981  INFO CrayTop2 --- [           main] s.w.s.m.m.a.RequestMappingHandlerAdapter : Looking for @ControllerAdvice: org.springframework.boot.web.servlet.context.AnnotationConfigServletWebServerApplicationContext@511baa65: startup date [Tue Dec 14 03:54:49 CST 2021]; root of context hierarchy
2021-12-14 03:54:55.164  INFO CrayTop2 --- [           main] s.w.s.m.m.a.RequestMappingHandlerMapping : Mapped "{[/saveDetails],methods=[POST]}" onto public java.lang.String com.govanguard.log4broke.controller.Log4BrokeController.saveDetails(java.lang.String,java.lang.String,org.springframework.ui.ModelMap)
2021-12-14 03:54:55.174  INFO CrayTop2 --- [           main] s.w.s.m.m.a.RequestMappingHandlerMapping : Mapped "{[/],methods=[GET]}" onto public java.lang.String com.govanguard.log4broke.controller.Log4BrokeController.getForm(org.springframework.ui.Model)
2021-12-14 03:54:55.184  INFO CrayTop2 --- [           main] s.w.s.m.m.a.RequestMappingHandlerMapping : Mapped "{[/error],produces=[text/html]}" onto public org.springframework.web.servlet.ModelAndView org.springframework.boot.autoconfigure.web.servlet.error.BasicErrorController.errorHtml(javax.servlet.http.HttpServletRequest,javax.servlet.http.HttpServletResponse)
2021-12-14 03:54:55.195  INFO CrayTop2 --- [           main] s.w.s.m.m.a.RequestMappingHandlerMapping : Mapped "{[/error]}" onto public org.springframework.http.ResponseEntity<java.util.Map<java.lang.String, java.lang.Object>> org.springframework.boot.autoconfigure.web.servlet.error.BasicErrorController.error(javax.servlet.http.HttpServletRequest)
2021-12-14 03:54:55.265  INFO CrayTop2 --- [           main] o.s.w.s.h.SimpleUrlHandlerMapping        : Mapped URL path [/webjars/**] onto handler of type [class org.springframework.web.servlet.resource.ResourceHttpRequestHandler]
2021-12-14 03:54:55.273  INFO CrayTop2 --- [           main] o.s.w.s.h.SimpleUrlHandlerMapping        : Mapped URL path [/**] onto handler of type [class org.springframework.web.servlet.resource.ResourceHttpRequestHandler]
2021-12-14 03:54:55.354  INFO CrayTop2 --- [           main] o.s.w.s.h.SimpleUrlHandlerMapping        : Mapped URL path [/**/favicon.ico] onto handler of type [class org.springframework.web.servlet.resource.ResourceHttpRequestHandler]
2021-12-14 03:54:55.634  INFO CrayTop2 --- [           main] o.s.j.e.a.AnnotationMBeanExporter        : Registering beans for JMX exposure on startup
2021-12-14 03:54:55.662  INFO CrayTop2 --- [           main] o.a.c.h.Http11NioProtocol                : Starting ProtocolHandler ["https-jsse-nio-443"]
2021-12-14 03:54:56.499  INFO CrayTop2 --- [           main] o.a.t.u.n.NioSelectorPool                : Using a shared selector for servlet write/read
2021-12-14 03:54:56.559  INFO CrayTop2 --- [           main] o.s.b.w.e.t.TomcatWebServer              : Tomcat started on port(s): 443 (https) with context path ''
2021-12-14 03:54:56.566  INFO CrayTop2 --- [           main] c.g.l.Log4BrokeApplication               : Started Log4BrokeApplication in 8.248 seconds (JVM running for 9.862)
2021-12-14 03:54:56.569 DEBUG CrayTop2 --- [           main] c.g.l.Log4BrokeApplication               : !!!!!!!!!!Don't use this for anything important! Intentionally vulnerable!!!!!!!!
