2021-12-14 00:37:09.636  INFO CrayTop2 --- [           main] .b.t.c.SpringBootTestContextBootstrapper : Neither @ContextConfiguration nor @ContextHierarchy found for test class [com.example.log4j2demo.Log4j2DemoApplicationTests], using SpringBootContextLoader
2021-12-14 00:37:09.660  INFO CrayTop2 --- [           main] o.s.t.c.s.AbstractContextLoader          : Could not detect default resource locations for test class [com.example.log4j2demo.Log4j2DemoApplicationTests]: no resource found for suffixes {-context.xml, Context.groovy}.
2021-12-14 00:37:09.661  INFO CrayTop2 --- [           main] t.c.s.AnnotationConfigContextLoaderUtils : Could not detect default configuration classes for test class [com.example.log4j2demo.Log4j2DemoApplicationTests]: Log4j2DemoApplicationTests does not declare any static, non-private, non-final, nested classes annotated with @Configuration.
2021-12-14 00:37:09.849  INFO CrayTop2 --- [           main] .b.t.c.SpringBootTestContextBootstrapper : Found @SpringBootConfiguration com.example.log4j2demo.Log4j2DemoApplication for test class com.example.log4j2demo.Log4j2DemoApplicationTests
2021-12-14 00:37:10.053  INFO CrayTop2 --- [           main] .b.t.c.SpringBootTestContextBootstrapper : Loaded default TestExecutionListener class names from location [META-INF/spring.factories]: [org.springframework.boot.test.mock.mockito.MockitoTestExecutionListener, org.springframework.boot.test.mock.mockito.ResetMocksTestExecutionListener, org.springframework.boot.test.autoconfigure.restdocs.RestDocsTestExecutionListener, org.springframework.boot.test.autoconfigure.web.client.MockRestServiceServerResetTestExecutionListener, org.springframework.boot.test.autoconfigure.web.servlet.MockMvcPrintOnlyOnFailureTestExecutionListener, org.springframework.boot.test.autoconfigure.web.servlet.WebDriverTestExecutionListener, org.springframework.test.context.web.ServletTestExecutionListener, org.springframework.test.context.support.DirtiesContextBeforeModesTestExecutionListener, org.springframework.test.context.support.DependencyInjectionTestExecutionListener, org.springframework.test.context.support.DirtiesContextTestExecutionListener, org.springframework.test.context.transaction.TransactionalTestExecutionListener, org.springframework.test.context.jdbc.SqlScriptsTestExecutionListener]
2021-12-14 00:37:10.081  INFO CrayTop2 --- [           main] .b.t.c.SpringBootTestContextBootstrapper : Using TestExecutionListeners: [org.springframework.test.context.web.ServletTestExecutionListener@57db2b13, org.springframework.test.context.support.DirtiesContextBeforeModesTestExecutionListener@475c9c31, org.springframework.boot.test.mock.mockito.MockitoTestExecutionListener@5c86a017, org.springframework.boot.test.autoconfigure.SpringBootDependencyInjectionTestExecutionListener@5c7bfdc1, org.springframework.test.context.support.DirtiesContextTestExecutionListener@5276d6ee, org.springframework.boot.test.mock.mockito.ResetMocksTestExecutionListener@71687585, org.springframework.boot.test.autoconfigure.restdocs.RestDocsTestExecutionListener@1807f5a7, org.springframework.boot.test.autoconfigure.web.client.MockRestServiceServerResetTestExecutionListener@1b919693, org.springframework.boot.test.autoconfigure.web.servlet.MockMvcPrintOnlyOnFailureTestExecutionListener@7fb4f2a9, org.springframework.boot.test.autoconfigure.web.servlet.WebDriverTestExecutionListener@4dc27487]
2021-12-14 00:37:10.604  INFO CrayTop2 --- [           main] c.e.l.Log4j2DemoApplicationTests         : Starting Log4j2DemoApplicationTests on CrayTop2 with PID 17577 (started by root in /mnt/c/Users/hackm/Local/Customers/GVIT/Log4jShell_Vulnerable_Site)
2021-12-14 00:37:10.747 DEBUG CrayTop2 --- [           main] c.e.l.Log4j2DemoApplicationTests         : Running with Spring Boot v2.0.0.RELEASE, Spring v5.0.4.RELEASE
2021-12-14 00:37:10.748  INFO CrayTop2 --- [           main] c.e.l.Log4j2DemoApplicationTests         : No active profile set, falling back to default profiles: default
2021-12-14 00:37:10.830  INFO CrayTop2 --- [           main] o.s.w.c.s.GenericWebApplicationContext   : Refreshing org.springframework.web.context.support.GenericWebApplicationContext@18e36d14: startup date [Tue Dec 14 00:37:10 CST 2021]; root of context hierarchy
2021-12-14 00:37:13.353  INFO CrayTop2 --- [           main] s.w.s.m.m.a.RequestMappingHandlerAdapter : Looking for @ControllerAdvice: org.springframework.web.context.support.GenericWebApplicationContext@18e36d14: startup date [Tue Dec 14 00:37:10 CST 2021]; root of context hierarchy
2021-12-14 00:37:13.552  INFO CrayTop2 --- [           main] s.w.s.m.m.a.RequestMappingHandlerMapping : Mapped "{[/],methods=[GET]}" onto public java.lang.String com.example.log4j2demo.controller.Log4j2DemoController.getForm(org.springframework.ui.Model)
2021-12-14 00:37:13.554  INFO CrayTop2 --- [           main] s.w.s.m.m.a.RequestMappingHandlerMapping : Mapped "{[/saveDetails],methods=[POST]}" onto public java.lang.String com.example.log4j2demo.controller.Log4j2DemoController.saveDetails(java.lang.String,org.springframework.ui.ModelMap)
2021-12-14 00:37:13.555  INFO CrayTop2 --- [           main] s.w.s.m.m.a.RequestMappingHandlerMapping : Mapped "{[/hello],methods=[GET]}" onto public java.lang.String com.example.log4j2demo.controller.Log4j2DemoController.getHello(org.springframework.ui.Model)
2021-12-14 00:37:13.564  INFO CrayTop2 --- [           main] s.w.s.m.m.a.RequestMappingHandlerMapping : Mapped "{[/error],produces=[text/html]}" onto public org.springframework.web.servlet.ModelAndView org.springframework.boot.autoconfigure.web.servlet.error.BasicErrorController.errorHtml(javax.servlet.http.HttpServletRequest,javax.servlet.http.HttpServletResponse)
2021-12-14 00:37:13.565  INFO CrayTop2 --- [           main] s.w.s.m.m.a.RequestMappingHandlerMapping : Mapped "{[/error]}" onto public org.springframework.http.ResponseEntity<java.util.Map<java.lang.String, java.lang.Object>> org.springframework.boot.autoconfigure.web.servlet.error.BasicErrorController.error(javax.servlet.http.HttpServletRequest)
2021-12-14 00:37:13.669  INFO CrayTop2 --- [           main] o.s.w.s.h.SimpleUrlHandlerMapping        : Mapped URL path [/webjars/**] onto handler of type [class org.springframework.web.servlet.resource.ResourceHttpRequestHandler]
2021-12-14 00:37:13.670  INFO CrayTop2 --- [           main] o.s.w.s.h.SimpleUrlHandlerMapping        : Mapped URL path [/**] onto handler of type [class org.springframework.web.servlet.resource.ResourceHttpRequestHandler]
2021-12-14 00:37:13.777  INFO CrayTop2 --- [           main] o.s.w.s.h.SimpleUrlHandlerMapping        : Mapped URL path [/**/favicon.ico] onto handler of type [class org.springframework.web.servlet.resource.ResourceHttpRequestHandler]
2021-12-14 00:37:14.271  INFO CrayTop2 --- [           main] c.e.l.Log4j2DemoApplicationTests         : Started Log4j2DemoApplicationTests in 4.123 seconds (JVM running for 6.285)
2021-12-14 00:37:14.274 DEBUG CrayTop2 --- [           main] c.e.l.Log4j2DemoApplication              : !!!!!!!!!!Don't use this for anything important! Intentionally vulnerable!!!!!!!!
2021-12-14 00:37:14.602  INFO CrayTop2 --- [       Thread-2] o.s.w.c.s.GenericWebApplicationContext   : Closing org.springframework.web.context.support.GenericWebApplicationContext@18e36d14: startup date [Tue Dec 14 00:37:10 CST 2021]; root of context hierarchy
2021-12-14 00:37:27.164  INFO CrayTop2 --- [           main] c.e.l.Log4j2DemoApplication              : Starting Log4j2DemoApplication v0.0.1-SNAPSHOT on CrayTop2 with PID 17647 (/mnt/c/Users/hackm/Local/Customers/GVIT/Log4jShell_Vulnerable_Site/target/log4j2-demo-0.0.1-SNAPSHOT.jar started by root in /mnt/c/Users/hackm/Local/Customers/GVIT/Log4jShell_Vulnerable_Site)
2021-12-14 00:37:27.177 DEBUG CrayTop2 --- [           main] c.e.l.Log4j2DemoApplication              : Running with Spring Boot v2.0.0.RELEASE, Spring v5.0.4.RELEASE
2021-12-14 00:37:27.178  INFO CrayTop2 --- [           main] c.e.l.Log4j2DemoApplication              : No active profile set, falling back to default profiles: default
2021-12-14 00:37:27.304  INFO CrayTop2 --- [           main] ConfigServletWebServerApplicationContext : Refreshing org.springframework.boot.web.servlet.context.AnnotationConfigServletWebServerApplicationContext@39ba5a14: startup date [Tue Dec 14 00:37:27 CST 2021]; root of context hierarchy
2021-12-14 00:37:29.171  WARN CrayTop2 --- [           main] ConfigServletWebServerApplicationContext : Exception encountered during context initialization - cancelling refresh attempt: org.springframework.context.ApplicationContextException: Unable to start web server; nested exception is org.springframework.boot.web.server.WebServerException: Could not load key store: class path resource [fake.p12] cannot be resolved to URL because it does not exist
2021-12-14 00:37:29.188  INFO CrayTop2 --- [           main] ConditionEvaluationReportLoggingListener : 

Error starting ApplicationContext. To display the conditions report re-run your application with 'debug' enabled.
2021-12-14 00:37:29.270 ERROR CrayTop2 --- [           main] o.s.b.SpringApplication                  : Application run failed
org.springframework.context.ApplicationContextException: Unable to start web server; nested exception is org.springframework.boot.web.server.WebServerException: Could not load key store: class path resource [fake.p12] cannot be resolved to URL because it does not exist
	at org.springframework.boot.web.servlet.context.ServletWebServerApplicationContext.onRefresh(ServletWebServerApplicationContext.java:155)
	at org.springframework.context.support.AbstractApplicationContext.refresh(AbstractApplicationContext.java:543)
	at org.springframework.boot.web.servlet.context.ServletWebServerApplicationContext.refresh(ServletWebServerApplicationContext.java:140)
	at org.springframework.boot.SpringApplication.refresh(SpringApplication.java:752)
	at org.springframework.boot.SpringApplication.refreshContext(SpringApplication.java:388)
	at org.springframework.boot.SpringApplication.run(SpringApplication.java:327)
	at org.springframework.boot.SpringApplication.run(SpringApplication.java:1246)
	at org.springframework.boot.SpringApplication.run(SpringApplication.java:1234)
	at com.example.log4j2demo.Log4j2DemoApplication.main(Log4j2DemoApplication.java:15)
	at sun.reflect.NativeMethodAccessorImpl.invoke0(Native Method)
	at sun.reflect.NativeMethodAccessorImpl.invoke(NativeMethodAccessorImpl.java:62)
	at sun.reflect.DelegatingMethodAccessorImpl.invoke(DelegatingMethodAccessorImpl.java:43)
	at java.lang.reflect.Method.invoke(Method.java:498)
	at org.springframework.boot.loader.MainMethodRunner.run(MainMethodRunner.java:48)
	at org.springframework.boot.loader.Launcher.launch(Launcher.java:87)
	at org.springframework.boot.loader.Launcher.launch(Launcher.java:50)
	at org.springframework.boot.loader.JarLauncher.main(JarLauncher.java:51)
Caused by: org.springframework.boot.web.server.WebServerException: Could not load key store: class path resource [fake.p12] cannot be resolved to URL because it does not exist
	at org.springframework.boot.web.embedded.tomcat.SslConnectorCustomizer.configureSslKeyStore(SslConnectorCustomizer.java:124)
	at org.springframework.boot.web.embedded.tomcat.SslConnectorCustomizer.configureSsl(SslConnectorCustomizer.java:92)
	at org.springframework.boot.web.embedded.tomcat.SslConnectorCustomizer.customize(SslConnectorCustomizer.java:58)
	at org.springframework.boot.web.embedded.tomcat.TomcatServletWebServerFactory.customizeSsl(TomcatServletWebServerFactory.java:325)
	at org.springframework.boot.web.embedded.tomcat.TomcatServletWebServerFactory.customizeConnector(TomcatServletWebServerFactory.java:308)
	at org.springframework.boot.web.embedded.tomcat.TomcatServletWebServerFactory.getWebServer(TomcatServletWebServerFactory.java:168)
	at org.springframework.boot.web.servlet.context.ServletWebServerApplicationContext.createWebServer(ServletWebServerApplicationContext.java:179)
	at org.springframework.boot.web.servlet.context.ServletWebServerApplicationContext.onRefresh(ServletWebServerApplicationContext.java:152)
	... 16 more
Caused by: java.io.FileNotFoundException: class path resource [fake.p12] cannot be resolved to URL because it does not exist
	at org.springframework.util.ResourceUtils.getURL(ResourceUtils.java:137)
	at org.springframework.boot.web.embedded.tomcat.SslConnectorCustomizer.configureSslKeyStore(SslConnectorCustomizer.java:121)
	... 23 more
2021-12-14 00:39:36.877  INFO CrayTop2 --- [           main] .b.t.c.SpringBootTestContextBootstrapper : Neither @ContextConfiguration nor @ContextHierarchy found for test class [com.example.log4j2demo.Log4j2DemoApplicationTests], using SpringBootContextLoader
2021-12-14 00:39:36.897  INFO CrayTop2 --- [           main] o.s.t.c.s.AbstractContextLoader          : Could not detect default resource locations for test class [com.example.log4j2demo.Log4j2DemoApplicationTests]: no resource found for suffixes {-context.xml, Context.groovy}.
2021-12-14 00:39:36.899  INFO CrayTop2 --- [           main] t.c.s.AnnotationConfigContextLoaderUtils : Could not detect default configuration classes for test class [com.example.log4j2demo.Log4j2DemoApplicationTests]: Log4j2DemoApplicationTests does not declare any static, non-private, non-final, nested classes annotated with @Configuration.
2021-12-14 00:39:37.100  INFO CrayTop2 --- [           main] .b.t.c.SpringBootTestContextBootstrapper : Found @SpringBootConfiguration com.example.log4j2demo.Log4j2DemoApplication for test class com.example.log4j2demo.Log4j2DemoApplicationTests
2021-12-14 00:39:37.332  INFO CrayTop2 --- [           main] .b.t.c.SpringBootTestContextBootstrapper : Loaded default TestExecutionListener class names from location [META-INF/spring.factories]: [org.springframework.boot.test.mock.mockito.MockitoTestExecutionListener, org.springframework.boot.test.mock.mockito.ResetMocksTestExecutionListener, org.springframework.boot.test.autoconfigure.restdocs.RestDocsTestExecutionListener, org.springframework.boot.test.autoconfigure.web.client.MockRestServiceServerResetTestExecutionListener, org.springframework.boot.test.autoconfigure.web.servlet.MockMvcPrintOnlyOnFailureTestExecutionListener, org.springframework.boot.test.autoconfigure.web.servlet.WebDriverTestExecutionListener, org.springframework.test.context.web.ServletTestExecutionListener, org.springframework.test.context.support.DirtiesContextBeforeModesTestExecutionListener, org.springframework.test.context.support.DependencyInjectionTestExecutionListener, org.springframework.test.context.support.DirtiesContextTestExecutionListener, org.springframework.test.context.transaction.TransactionalTestExecutionListener, org.springframework.test.context.jdbc.SqlScriptsTestExecutionListener]
2021-12-14 00:39:37.363  INFO CrayTop2 --- [           main] .b.t.c.SpringBootTestContextBootstrapper : Using TestExecutionListeners: [org.springframework.test.context.web.ServletTestExecutionListener@5340477f, org.springframework.test.context.support.DirtiesContextBeforeModesTestExecutionListener@47caedad, org.springframework.boot.test.mock.mockito.MockitoTestExecutionListener@7139992f, org.springframework.boot.test.autoconfigure.SpringBootDependencyInjectionTestExecutionListener@69504ae9, org.springframework.test.context.support.DirtiesContextTestExecutionListener@387a8303, org.springframework.boot.test.mock.mockito.ResetMocksTestExecutionListener@28cda624, org.springframework.boot.test.autoconfigure.restdocs.RestDocsTestExecutionListener@1500b2f3, org.springframework.boot.test.autoconfigure.web.client.MockRestServiceServerResetTestExecutionListener@7eecb5b8, org.springframework.boot.test.autoconfigure.web.servlet.MockMvcPrintOnlyOnFailureTestExecutionListener@126253fd, org.springframework.boot.test.autoconfigure.web.servlet.WebDriverTestExecutionListener@57db2b13]
2021-12-14 00:39:38.022  INFO CrayTop2 --- [           main] c.e.l.Log4j2DemoApplicationTests         : Starting Log4j2DemoApplicationTests on CrayTop2 with PID 17742 (started by root in /mnt/c/Users/hackm/Local/Customers/GVIT/Log4jShell_Vulnerable_Site)
2021-12-14 00:39:38.025 DEBUG CrayTop2 --- [           main] c.e.l.Log4j2DemoApplicationTests         : Running with Spring Boot v2.0.0.RELEASE, Spring v5.0.4.RELEASE
2021-12-14 00:39:38.026  INFO CrayTop2 --- [           main] c.e.l.Log4j2DemoApplicationTests         : No active profile set, falling back to default profiles: default
2021-12-14 00:39:38.103  INFO CrayTop2 --- [           main] o.s.w.c.s.GenericWebApplicationContext   : Refreshing org.springframework.web.context.support.GenericWebApplicationContext@50dfbc58: startup date [Tue Dec 14 00:39:38 CST 2021]; root of context hierarchy
2021-12-14 00:39:40.712  INFO CrayTop2 --- [           main] s.w.s.m.m.a.RequestMappingHandlerAdapter : Looking for @ControllerAdvice: org.springframework.web.context.support.GenericWebApplicationContext@50dfbc58: startup date [Tue Dec 14 00:39:38 CST 2021]; root of context hierarchy
2021-12-14 00:39:40.917  INFO CrayTop2 --- [           main] s.w.s.m.m.a.RequestMappingHandlerMapping : Mapped "{[/saveDetails],methods=[POST]}" onto public java.lang.String com.example.log4j2demo.controller.Log4j2DemoController.saveDetails(java.lang.String,org.springframework.ui.ModelMap)
2021-12-14 00:39:40.919  INFO CrayTop2 --- [           main] s.w.s.m.m.a.RequestMappingHandlerMapping : Mapped "{[/],methods=[GET]}" onto public java.lang.String com.example.log4j2demo.controller.Log4j2DemoController.getForm(org.springframework.ui.Model)
2021-12-14 00:39:40.920  INFO CrayTop2 --- [           main] s.w.s.m.m.a.RequestMappingHandlerMapping : Mapped "{[/hello],methods=[GET]}" onto public java.lang.String com.example.log4j2demo.controller.Log4j2DemoController.getHello(org.springframework.ui.Model)
2021-12-14 00:39:40.928  INFO CrayTop2 --- [           main] s.w.s.m.m.a.RequestMappingHandlerMapping : Mapped "{[/error],produces=[text/html]}" onto public org.springframework.web.servlet.ModelAndView org.springframework.boot.autoconfigure.web.servlet.error.BasicErrorController.errorHtml(javax.servlet.http.HttpServletRequest,javax.servlet.http.HttpServletResponse)
2021-12-14 00:39:40.931  INFO CrayTop2 --- [           main] s.w.s.m.m.a.RequestMappingHandlerMapping : Mapped "{[/error]}" onto public org.springframework.http.ResponseEntity<java.util.Map<java.lang.String, java.lang.Object>> org.springframework.boot.autoconfigure.web.servlet.error.BasicErrorController.error(javax.servlet.http.HttpServletRequest)
2021-12-14 00:39:41.024  INFO CrayTop2 --- [           main] o.s.w.s.h.SimpleUrlHandlerMapping        : Mapped URL path [/webjars/**] onto handler of type [class org.springframework.web.servlet.resource.ResourceHttpRequestHandler]
2021-12-14 00:39:41.025  INFO CrayTop2 --- [           main] o.s.w.s.h.SimpleUrlHandlerMapping        : Mapped URL path [/**] onto handler of type [class org.springframework.web.servlet.resource.ResourceHttpRequestHandler]
2021-12-14 00:39:41.132  INFO CrayTop2 --- [           main] o.s.w.s.h.SimpleUrlHandlerMapping        : Mapped URL path [/**/favicon.ico] onto handler of type [class org.springframework.web.servlet.resource.ResourceHttpRequestHandler]
2021-12-14 00:39:41.622  INFO CrayTop2 --- [           main] c.e.l.Log4j2DemoApplicationTests         : Started Log4j2DemoApplicationTests in 4.175 seconds (JVM running for 6.123)
2021-12-14 00:39:41.624 DEBUG CrayTop2 --- [           main] c.e.l.Log4j2DemoApplication              : !!!!!!!!!!Don't use this for anything important! Intentionally vulnerable!!!!!!!!
2021-12-14 00:39:41.962  INFO CrayTop2 --- [       Thread-2] o.s.w.c.s.GenericWebApplicationContext   : Closing org.springframework.web.context.support.GenericWebApplicationContext@50dfbc58: startup date [Tue Dec 14 00:39:38 CST 2021]; root of context hierarchy
2021-12-14 00:39:47.774  INFO CrayTop2 --- [           main] c.e.l.Log4j2DemoApplication              : Starting Log4j2DemoApplication v0.0.1-SNAPSHOT on CrayTop2 with PID 17800 (/mnt/c/Users/hackm/Local/Customers/GVIT/Log4jShell_Vulnerable_Site/target/log4j2-demo-0.0.1-SNAPSHOT.jar started by root in /mnt/c/Users/hackm/Local/Customers/GVIT/Log4jShell_Vulnerable_Site)
2021-12-14 00:39:47.787 DEBUG CrayTop2 --- [           main] c.e.l.Log4j2DemoApplication              : Running with Spring Boot v2.0.0.RELEASE, Spring v5.0.4.RELEASE
2021-12-14 00:39:47.788  INFO CrayTop2 --- [           main] c.e.l.Log4j2DemoApplication              : No active profile set, falling back to default profiles: default
2021-12-14 00:39:47.921  INFO CrayTop2 --- [           main] ConfigServletWebServerApplicationContext : Refreshing org.springframework.boot.web.servlet.context.AnnotationConfigServletWebServerApplicationContext@59a6e353: startup date [Tue Dec 14 00:39:47 CST 2021]; root of context hierarchy
2021-12-14 00:39:49.884  INFO CrayTop2 --- [           main] o.s.b.w.e.t.TomcatWebServer              : Tomcat initialized with port(s): 8443 (https)
2021-12-14 00:39:49.916  INFO CrayTop2 --- [           main] o.a.c.h.Http11NioProtocol                : Initializing ProtocolHandler ["https-jsse-nio-8443"]
2021-12-14 00:39:49.932  INFO CrayTop2 --- [           main] o.a.c.c.StandardService                  : Starting service [Tomcat]
2021-12-14 00:39:49.937  INFO CrayTop2 --- [           main] o.a.c.c.StandardEngine                   : Starting Servlet Engine: Apache Tomcat/8.5.28
2021-12-14 00:39:49.986  INFO CrayTop2 --- [ost-startStop-1] o.a.c.c.AprLifecycleListener             : The APR based Apache Tomcat Native library which allows optimal performance in production environments was not found on the java.library.path: [/usr/java/packages/lib/amd64:/usr/lib/x86_64-linux-gnu/jni:/lib/x86_64-linux-gnu:/usr/lib/x86_64-linux-gnu:/usr/lib/jni:/lib:/usr/lib]
2021-12-14 00:39:50.490  INFO CrayTop2 --- [ost-startStop-1] o.a.j.s.TldScanner                       : At least one JAR was scanned for TLDs yet contained no TLDs. Enable debug logging for this logger for a complete list of JARs that were scanned but no TLDs were found in them. Skipping unneeded JARs during scanning can improve startup time and JSP compilation time.
2021-12-14 00:39:50.881  INFO CrayTop2 --- [ost-startStop-1] o.a.c.c.C.[.[.[/]                        : Initializing Spring embedded WebApplicationContext
2021-12-14 00:39:50.883  INFO CrayTop2 --- [ost-startStop-1] o.s.w.c.ContextLoader                    : Root WebApplicationContext: initialization completed in 2970 ms
2021-12-14 00:39:51.263  INFO CrayTop2 --- [ost-startStop-1] o.s.b.w.s.ServletRegistrationBean        : Servlet dispatcherServlet mapped to [/]
2021-12-14 00:39:51.270  INFO CrayTop2 --- [ost-startStop-1] o.s.b.w.s.FilterRegistrationBean         : Mapping filter: 'characterEncodingFilter' to: [/*]
2021-12-14 00:39:51.271  INFO CrayTop2 --- [ost-startStop-1] o.s.b.w.s.FilterRegistrationBean         : Mapping filter: 'hiddenHttpMethodFilter' to: [/*]
2021-12-14 00:39:51.272  INFO CrayTop2 --- [ost-startStop-1] o.s.b.w.s.FilterRegistrationBean         : Mapping filter: 'httpPutFormContentFilter' to: [/*]
2021-12-14 00:39:51.273  INFO CrayTop2 --- [ost-startStop-1] o.s.b.w.s.FilterRegistrationBean         : Mapping filter: 'requestContextFilter' to: [/*]
2021-12-14 00:39:51.833  INFO CrayTop2 --- [           main] s.w.s.m.m.a.RequestMappingHandlerAdapter : Looking for @ControllerAdvice: org.springframework.boot.web.servlet.context.AnnotationConfigServletWebServerApplicationContext@59a6e353: startup date [Tue Dec 14 00:39:47 CST 2021]; root of context hierarchy
2021-12-14 00:39:52.007  INFO CrayTop2 --- [           main] s.w.s.m.m.a.RequestMappingHandlerMapping : Mapped "{[/hello],methods=[GET]}" onto public java.lang.String com.example.log4j2demo.controller.Log4j2DemoController.getHello(org.springframework.ui.Model)
2021-12-14 00:39:52.020  INFO CrayTop2 --- [           main] s.w.s.m.m.a.RequestMappingHandlerMapping : Mapped "{[/],methods=[GET]}" onto public java.lang.String com.example.log4j2demo.controller.Log4j2DemoController.getForm(org.springframework.ui.Model)
2021-12-14 00:39:52.036  INFO CrayTop2 --- [           main] s.w.s.m.m.a.RequestMappingHandlerMapping : Mapped "{[/saveDetails],methods=[POST]}" onto public java.lang.String com.example.log4j2demo.controller.Log4j2DemoController.saveDetails(java.lang.String,org.springframework.ui.ModelMap)
2021-12-14 00:39:52.049  INFO CrayTop2 --- [           main] s.w.s.m.m.a.RequestMappingHandlerMapping : Mapped "{[/error],produces=[text/html]}" onto public org.springframework.web.servlet.ModelAndView org.springframework.boot.autoconfigure.web.servlet.error.BasicErrorController.errorHtml(javax.servlet.http.HttpServletRequest,javax.servlet.http.HttpServletResponse)
2021-12-14 00:39:52.071  INFO CrayTop2 --- [           main] s.w.s.m.m.a.RequestMappingHandlerMapping : Mapped "{[/error]}" onto public org.springframework.http.ResponseEntity<java.util.Map<java.lang.String, java.lang.Object>> org.springframework.boot.autoconfigure.web.servlet.error.BasicErrorController.error(javax.servlet.http.HttpServletRequest)
2021-12-14 00:39:52.166  INFO CrayTop2 --- [           main] o.s.w.s.h.SimpleUrlHandlerMapping        : Mapped URL path [/webjars/**] onto handler of type [class org.springframework.web.servlet.resource.ResourceHttpRequestHandler]
2021-12-14 00:39:52.196  INFO CrayTop2 --- [           main] o.s.w.s.h.SimpleUrlHandlerMapping        : Mapped URL path [/**] onto handler of type [class org.springframework.web.servlet.resource.ResourceHttpRequestHandler]
2021-12-14 00:39:52.309  INFO CrayTop2 --- [           main] o.s.w.s.h.SimpleUrlHandlerMapping        : Mapped URL path [/**/favicon.ico] onto handler of type [class org.springframework.web.servlet.resource.ResourceHttpRequestHandler]
2021-12-14 00:39:52.569  INFO CrayTop2 --- [           main] o.s.j.e.a.AnnotationMBeanExporter        : Registering beans for JMX exposure on startup
2021-12-14 00:39:52.594  INFO CrayTop2 --- [           main] o.a.c.h.Http11NioProtocol                : Starting ProtocolHandler ["https-jsse-nio-8443"]
2021-12-14 00:39:53.389  INFO CrayTop2 --- [           main] o.a.t.u.n.NioSelectorPool                : Using a shared selector for servlet write/read
2021-12-14 00:39:53.447  INFO CrayTop2 --- [           main] o.s.b.w.e.t.TomcatWebServer              : Tomcat started on port(s): 8443 (https) with context path ''
2021-12-14 00:39:53.455  INFO CrayTop2 --- [           main] c.e.l.Log4j2DemoApplication              : Started Log4j2DemoApplication in 6.29 seconds (JVM running for 7.607)
2021-12-14 00:39:53.458 DEBUG CrayTop2 --- [           main] c.e.l.Log4j2DemoApplication              : !!!!!!!!!!Don't use this for anything important! Intentionally vulnerable!!!!!!!!
2021-12-14 00:40:22.178  INFO CrayTop2 --- [nio-8443-exec-8] o.a.c.c.C.[.[.[/]                        : Initializing Spring FrameworkServlet 'dispatcherServlet'
2021-12-14 00:40:22.181  INFO CrayTop2 --- [nio-8443-exec-8] o.s.w.s.DispatcherServlet                : FrameworkServlet 'dispatcherServlet': initialization started
2021-12-14 00:40:22.261  INFO CrayTop2 --- [nio-8443-exec-8] o.s.w.s.DispatcherServlet                : FrameworkServlet 'dispatcherServlet': initialization completed in 78 ms
2021-12-14 00:40:26.404  INFO CrayTop2 --- [       Thread-3] ConfigServletWebServerApplicationContext : Closing org.springframework.boot.web.servlet.context.AnnotationConfigServletWebServerApplicationContext@59a6e353: startup date [Tue Dec 14 00:39:47 CST 2021]; root of context hierarchy
2021-12-14 00:40:26.407  INFO CrayTop2 --- [       Thread-3] o.s.j.e.a.AnnotationMBeanExporter        : Unregistering JMX-exposed beans on shutdown
2021-12-14 00:50:04.748  INFO CrayTop2 --- [           main] .b.t.c.SpringBootTestContextBootstrapper : Neither @ContextConfiguration nor @ContextHierarchy found for test class [com.example.log4j2demo.Log4j2DemoApplicationTests], using SpringBootContextLoader
2021-12-14 00:50:04.761  INFO CrayTop2 --- [           main] o.s.t.c.s.AbstractContextLoader          : Could not detect default resource locations for test class [com.example.log4j2demo.Log4j2DemoApplicationTests]: no resource found for suffixes {-context.xml, Context.groovy}.
2021-12-14 00:50:04.762  INFO CrayTop2 --- [           main] t.c.s.AnnotationConfigContextLoaderUtils : Could not detect default configuration classes for test class [com.example.log4j2demo.Log4j2DemoApplicationTests]: Log4j2DemoApplicationTests does not declare any static, non-private, non-final, nested classes annotated with @Configuration.
2021-12-14 00:50:04.922  INFO CrayTop2 --- [           main] .b.t.c.SpringBootTestContextBootstrapper : Found @SpringBootConfiguration com.example.log4j2demo.Log4j2DemoApplication for test class com.example.log4j2demo.Log4j2DemoApplicationTests
2021-12-14 00:50:05.123  INFO CrayTop2 --- [           main] .b.t.c.SpringBootTestContextBootstrapper : Loaded default TestExecutionListener class names from location [META-INF/spring.factories]: [org.springframework.boot.test.mock.mockito.MockitoTestExecutionListener, org.springframework.boot.test.mock.mockito.ResetMocksTestExecutionListener, org.springframework.boot.test.autoconfigure.restdocs.RestDocsTestExecutionListener, org.springframework.boot.test.autoconfigure.web.client.MockRestServiceServerResetTestExecutionListener, org.springframework.boot.test.autoconfigure.web.servlet.MockMvcPrintOnlyOnFailureTestExecutionListener, org.springframework.boot.test.autoconfigure.web.servlet.WebDriverTestExecutionListener, org.springframework.test.context.web.ServletTestExecutionListener, org.springframework.test.context.support.DirtiesContextBeforeModesTestExecutionListener, org.springframework.test.context.support.DependencyInjectionTestExecutionListener, org.springframework.test.context.support.DirtiesContextTestExecutionListener, org.springframework.test.context.transaction.TransactionalTestExecutionListener, org.springframework.test.context.jdbc.SqlScriptsTestExecutionListener]
2021-12-14 00:50:05.159  INFO CrayTop2 --- [           main] .b.t.c.SpringBootTestContextBootstrapper : Using TestExecutionListeners: [org.springframework.test.context.web.ServletTestExecutionListener@5340477f, org.springframework.test.context.support.DirtiesContextBeforeModesTestExecutionListener@47caedad, org.springframework.boot.test.mock.mockito.MockitoTestExecutionListener@7139992f, org.springframework.boot.test.autoconfigure.SpringBootDependencyInjectionTestExecutionListener@69504ae9, org.springframework.test.context.support.DirtiesContextTestExecutionListener@387a8303, org.springframework.boot.test.mock.mockito.ResetMocksTestExecutionListener@28cda624, org.springframework.boot.test.autoconfigure.restdocs.RestDocsTestExecutionListener@1500b2f3, org.springframework.boot.test.autoconfigure.web.client.MockRestServiceServerResetTestExecutionListener@7eecb5b8, org.springframework.boot.test.autoconfigure.web.servlet.MockMvcPrintOnlyOnFailureTestExecutionListener@126253fd, org.springframework.boot.test.autoconfigure.web.servlet.WebDriverTestExecutionListener@57db2b13]
2021-12-14 00:50:05.628  INFO CrayTop2 --- [           main] c.e.l.Log4j2DemoApplicationTests         : Starting Log4j2DemoApplicationTests on CrayTop2 with PID 18065 (started by root in /mnt/c/Users/hackm/Local/Customers/GVIT/Log4jShell_Vulnerable_Site)
2021-12-14 00:50:05.634 DEBUG CrayTop2 --- [           main] c.e.l.Log4j2DemoApplicationTests         : Running with Spring Boot v2.0.0.RELEASE, Spring v5.0.4.RELEASE
2021-12-14 00:50:05.635  INFO CrayTop2 --- [           main] c.e.l.Log4j2DemoApplicationTests         : No active profile set, falling back to default profiles: default
2021-12-14 00:50:05.903  INFO CrayTop2 --- [           main] o.s.w.c.s.GenericWebApplicationContext   : Refreshing org.springframework.web.context.support.GenericWebApplicationContext@50dfbc58: startup date [Tue Dec 14 00:50:05 CST 2021]; root of context hierarchy
2021-12-14 00:50:09.554  INFO CrayTop2 --- [           main] s.w.s.m.m.a.RequestMappingHandlerAdapter : Looking for @ControllerAdvice: org.springframework.web.context.support.GenericWebApplicationContext@50dfbc58: startup date [Tue Dec 14 00:50:05 CST 2021]; root of context hierarchy
2021-12-14 00:50:09.747  INFO CrayTop2 --- [           main] s.w.s.m.m.a.RequestMappingHandlerMapping : Mapped "{[/saveDetails],methods=[POST]}" onto public java.lang.String com.example.log4j2demo.controller.Log4j2DemoController.saveDetails(java.lang.String,org.springframework.ui.ModelMap)
2021-12-14 00:50:09.750  INFO CrayTop2 --- [           main] s.w.s.m.m.a.RequestMappingHandlerMapping : Mapped "{[/hello],methods=[GET]}" onto public java.lang.String com.example.log4j2demo.controller.Log4j2DemoController.getHello(org.springframework.ui.Model)
2021-12-14 00:50:09.750  INFO CrayTop2 --- [           main] s.w.s.m.m.a.RequestMappingHandlerMapping : Mapped "{[/],methods=[GET]}" onto public java.lang.String com.example.log4j2demo.controller.Log4j2DemoController.getForm(org.springframework.ui.Model)
2021-12-14 00:50:09.758  INFO CrayTop2 --- [           main] s.w.s.m.m.a.RequestMappingHandlerMapping : Mapped "{[/error],produces=[text/html]}" onto public org.springframework.web.servlet.ModelAndView org.springframework.boot.autoconfigure.web.servlet.error.BasicErrorController.errorHtml(javax.servlet.http.HttpServletRequest,javax.servlet.http.HttpServletResponse)
2021-12-14 00:50:09.762  INFO CrayTop2 --- [           main] s.w.s.m.m.a.RequestMappingHandlerMapping : Mapped "{[/error]}" onto public org.springframework.http.ResponseEntity<java.util.Map<java.lang.String, java.lang.Object>> org.springframework.boot.autoconfigure.web.servlet.error.BasicErrorController.error(javax.servlet.http.HttpServletRequest)
2021-12-14 00:50:09.867  INFO CrayTop2 --- [           main] o.s.w.s.h.SimpleUrlHandlerMapping        : Mapped URL path [/webjars/**] onto handler of type [class org.springframework.web.servlet.resource.ResourceHttpRequestHandler]
2021-12-14 00:50:09.867  INFO CrayTop2 --- [           main] o.s.w.s.h.SimpleUrlHandlerMapping        : Mapped URL path [/**] onto handler of type [class org.springframework.web.servlet.resource.ResourceHttpRequestHandler]
2021-12-14 00:50:09.980  INFO CrayTop2 --- [           main] o.s.w.s.h.SimpleUrlHandlerMapping        : Mapped URL path [/**/favicon.ico] onto handler of type [class org.springframework.web.servlet.resource.ResourceHttpRequestHandler]
2021-12-14 00:50:10.544  INFO CrayTop2 --- [           main] c.e.l.Log4j2DemoApplicationTests         : Started Log4j2DemoApplicationTests in 5.32 seconds (JVM running for 7.426)
2021-12-14 00:50:10.548 DEBUG CrayTop2 --- [           main] c.e.l.Log4j2DemoApplication              : !!!!!!!!!!Don't use this for anything important! Intentionally vulnerable!!!!!!!!
2021-12-14 00:50:10.844  INFO CrayTop2 --- [       Thread-2] o.s.w.c.s.GenericWebApplicationContext   : Closing org.springframework.web.context.support.GenericWebApplicationContext@50dfbc58: startup date [Tue Dec 14 00:50:05 CST 2021]; root of context hierarchy
2021-12-14 01:11:36.305  INFO CrayTop2 --- [           main] .b.t.c.SpringBootTestContextBootstrapper : Neither @ContextConfiguration nor @ContextHierarchy found for test class [com.example.log4j2demo.Log4j2DemoApplicationTests], using SpringBootContextLoader
2021-12-14 01:11:36.320  INFO CrayTop2 --- [           main] o.s.t.c.s.AbstractContextLoader          : Could not detect default resource locations for test class [com.example.log4j2demo.Log4j2DemoApplicationTests]: no resource found for suffixes {-context.xml, Context.groovy}.
2021-12-14 01:11:36.321  INFO CrayTop2 --- [           main] t.c.s.AnnotationConfigContextLoaderUtils : Could not detect default configuration classes for test class [com.example.log4j2demo.Log4j2DemoApplicationTests]: Log4j2DemoApplicationTests does not declare any static, non-private, non-final, nested classes annotated with @Configuration.
2021-12-14 01:11:36.514  INFO CrayTop2 --- [           main] .b.t.c.SpringBootTestContextBootstrapper : Found @SpringBootConfiguration com.example.log4j2demo.Log4j2DemoApplication for test class com.example.log4j2demo.Log4j2DemoApplicationTests
2021-12-14 01:11:36.707  INFO CrayTop2 --- [           main] .b.t.c.SpringBootTestContextBootstrapper : Loaded default TestExecutionListener class names from location [META-INF/spring.factories]: [org.springframework.boot.test.mock.mockito.MockitoTestExecutionListener, org.springframework.boot.test.mock.mockito.ResetMocksTestExecutionListener, org.springframework.boot.test.autoconfigure.restdocs.RestDocsTestExecutionListener, org.springframework.boot.test.autoconfigure.web.client.MockRestServiceServerResetTestExecutionListener, org.springframework.boot.test.autoconfigure.web.servlet.MockMvcPrintOnlyOnFailureTestExecutionListener, org.springframework.boot.test.autoconfigure.web.servlet.WebDriverTestExecutionListener, org.springframework.test.context.web.ServletTestExecutionListener, org.springframework.test.context.support.DirtiesContextBeforeModesTestExecutionListener, org.springframework.test.context.support.DependencyInjectionTestExecutionListener, org.springframework.test.context.support.DirtiesContextTestExecutionListener, org.springframework.test.context.transaction.TransactionalTestExecutionListener, org.springframework.test.context.jdbc.SqlScriptsTestExecutionListener]
2021-12-14 01:11:36.741  INFO CrayTop2 --- [           main] .b.t.c.SpringBootTestContextBootstrapper : Using TestExecutionListeners: [org.springframework.test.context.web.ServletTestExecutionListener@47caedad, org.springframework.test.context.support.DirtiesContextBeforeModesTestExecutionListener@7139992f, org.springframework.boot.test.mock.mockito.MockitoTestExecutionListener@69504ae9, org.springframework.boot.test.autoconfigure.SpringBootDependencyInjectionTestExecutionListener@387a8303, org.springframework.test.context.support.DirtiesContextTestExecutionListener@28cda624, org.springframework.boot.test.mock.mockito.ResetMocksTestExecutionListener@1500b2f3, org.springframework.boot.test.autoconfigure.restdocs.RestDocsTestExecutionListener@7eecb5b8, org.springframework.boot.test.autoconfigure.web.client.MockRestServiceServerResetTestExecutionListener@126253fd, org.springframework.boot.test.autoconfigure.web.servlet.MockMvcPrintOnlyOnFailureTestExecutionListener@57db2b13, org.springframework.boot.test.autoconfigure.web.servlet.WebDriverTestExecutionListener@475c9c31]
2021-12-14 01:11:37.263  INFO CrayTop2 --- [           main] c.e.l.Log4j2DemoApplicationTests         : Starting Log4j2DemoApplicationTests on CrayTop2 with PID 18493 (started by root in /mnt/c/Users/hackm/Local/Customers/GVIT/Log4jShell_Vulnerable_Site)
2021-12-14 01:11:37.393 DEBUG CrayTop2 --- [           main] c.e.l.Log4j2DemoApplicationTests         : Running with Spring Boot v2.0.0.RELEASE, Spring v5.0.4.RELEASE
2021-12-14 01:11:37.394  INFO CrayTop2 --- [           main] c.e.l.Log4j2DemoApplicationTests         : No active profile set, falling back to default profiles: default
2021-12-14 01:11:37.476  INFO CrayTop2 --- [           main] o.s.w.c.s.GenericWebApplicationContext   : Refreshing org.springframework.web.context.support.GenericWebApplicationContext@4416d64f: startup date [Tue Dec 14 01:11:37 CST 2021]; root of context hierarchy
2021-12-14 01:11:40.369  INFO CrayTop2 --- [           main] s.w.s.m.m.a.RequestMappingHandlerAdapter : Looking for @ControllerAdvice: org.springframework.web.context.support.GenericWebApplicationContext@4416d64f: startup date [Tue Dec 14 01:11:37 CST 2021]; root of context hierarchy
2021-12-14 01:11:40.556  INFO CrayTop2 --- [           main] s.w.s.m.m.a.RequestMappingHandlerMapping : Mapped "{[/],methods=[GET]}" onto public java.lang.String com.example.log4j2demo.controller.Log4j2DemoController.getForm(org.springframework.ui.Model)
2021-12-14 01:11:40.559  INFO CrayTop2 --- [           main] s.w.s.m.m.a.RequestMappingHandlerMapping : Mapped "{[/saveDetails],methods=[POST]}" onto public java.lang.String com.example.log4j2demo.controller.Log4j2DemoController.saveDetails(java.lang.String,org.springframework.ui.ModelMap)
2021-12-14 01:11:40.560  INFO CrayTop2 --- [           main] s.w.s.m.m.a.RequestMappingHandlerMapping : Mapped "{[/hello],methods=[GET]}" onto public java.lang.String com.example.log4j2demo.controller.Log4j2DemoController.getHello(java.lang.String,org.springframework.ui.Model)
2021-12-14 01:11:40.569  INFO CrayTop2 --- [           main] s.w.s.m.m.a.RequestMappingHandlerMapping : Mapped "{[/error],produces=[text/html]}" onto public org.springframework.web.servlet.ModelAndView org.springframework.boot.autoconfigure.web.servlet.error.BasicErrorController.errorHtml(javax.servlet.http.HttpServletRequest,javax.servlet.http.HttpServletResponse)
2021-12-14 01:11:40.571  INFO CrayTop2 --- [           main] s.w.s.m.m.a.RequestMappingHandlerMapping : Mapped "{[/error]}" onto public org.springframework.http.ResponseEntity<java.util.Map<java.lang.String, java.lang.Object>> org.springframework.boot.autoconfigure.web.servlet.error.BasicErrorController.error(javax.servlet.http.HttpServletRequest)
2021-12-14 01:11:40.662  INFO CrayTop2 --- [           main] o.s.w.s.h.SimpleUrlHandlerMapping        : Mapped URL path [/webjars/**] onto handler of type [class org.springframework.web.servlet.resource.ResourceHttpRequestHandler]
2021-12-14 01:11:40.663  INFO CrayTop2 --- [           main] o.s.w.s.h.SimpleUrlHandlerMapping        : Mapped URL path [/**] onto handler of type [class org.springframework.web.servlet.resource.ResourceHttpRequestHandler]
2021-12-14 01:11:40.753  INFO CrayTop2 --- [           main] o.s.w.s.h.SimpleUrlHandlerMapping        : Mapped URL path [/**/favicon.ico] onto handler of type [class org.springframework.web.servlet.resource.ResourceHttpRequestHandler]
2021-12-14 01:11:41.229  INFO CrayTop2 --- [           main] c.e.l.Log4j2DemoApplicationTests         : Started Log4j2DemoApplicationTests in 4.413 seconds (JVM running for 6.334)
2021-12-14 01:11:41.232 DEBUG CrayTop2 --- [           main] c.e.l.Log4j2DemoApplication              : !!!!!!!!!!Don't use this for anything important! Intentionally vulnerable!!!!!!!!
2021-12-14 01:11:41.530  INFO CrayTop2 --- [       Thread-2] o.s.w.c.s.GenericWebApplicationContext   : Closing org.springframework.web.context.support.GenericWebApplicationContext@4416d64f: startup date [Tue Dec 14 01:11:37 CST 2021]; root of context hierarchy
2021-12-14 01:15:01.752  INFO CrayTop2 --- [           main] .b.t.c.SpringBootTestContextBootstrapper : Neither @ContextConfiguration nor @ContextHierarchy found for test class [com.example.log4j2demo.Log4j2DemoApplicationTests], using SpringBootContextLoader
2021-12-14 01:15:01.766  INFO CrayTop2 --- [           main] o.s.t.c.s.AbstractContextLoader          : Could not detect default resource locations for test class [com.example.log4j2demo.Log4j2DemoApplicationTests]: no resource found for suffixes {-context.xml, Context.groovy}.
2021-12-14 01:15:01.767  INFO CrayTop2 --- [           main] t.c.s.AnnotationConfigContextLoaderUtils : Could not detect default configuration classes for test class [com.example.log4j2demo.Log4j2DemoApplicationTests]: Log4j2DemoApplicationTests does not declare any static, non-private, non-final, nested classes annotated with @Configuration.
2021-12-14 01:15:01.945  INFO CrayTop2 --- [           main] .b.t.c.SpringBootTestContextBootstrapper : Found @SpringBootConfiguration com.example.log4j2demo.Log4j2DemoApplication for test class com.example.log4j2demo.Log4j2DemoApplicationTests
2021-12-14 01:15:02.147  INFO CrayTop2 --- [           main] .b.t.c.SpringBootTestContextBootstrapper : Loaded default TestExecutionListener class names from location [META-INF/spring.factories]: [org.springframework.boot.test.mock.mockito.MockitoTestExecutionListener, org.springframework.boot.test.mock.mockito.ResetMocksTestExecutionListener, org.springframework.boot.test.autoconfigure.restdocs.RestDocsTestExecutionListener, org.springframework.boot.test.autoconfigure.web.client.MockRestServiceServerResetTestExecutionListener, org.springframework.boot.test.autoconfigure.web.servlet.MockMvcPrintOnlyOnFailureTestExecutionListener, org.springframework.boot.test.autoconfigure.web.servlet.WebDriverTestExecutionListener, org.springframework.test.context.web.ServletTestExecutionListener, org.springframework.test.context.support.DirtiesContextBeforeModesTestExecutionListener, org.springframework.test.context.support.DependencyInjectionTestExecutionListener, org.springframework.test.context.support.DirtiesContextTestExecutionListener, org.springframework.test.context.transaction.TransactionalTestExecutionListener, org.springframework.test.context.jdbc.SqlScriptsTestExecutionListener]
2021-12-14 01:15:02.177  INFO CrayTop2 --- [           main] .b.t.c.SpringBootTestContextBootstrapper : Using TestExecutionListeners: [org.springframework.test.context.web.ServletTestExecutionListener@47caedad, org.springframework.test.context.support.DirtiesContextBeforeModesTestExecutionListener@7139992f, org.springframework.boot.test.mock.mockito.MockitoTestExecutionListener@69504ae9, org.springframework.boot.test.autoconfigure.SpringBootDependencyInjectionTestExecutionListener@387a8303, org.springframework.test.context.support.DirtiesContextTestExecutionListener@28cda624, org.springframework.boot.test.mock.mockito.ResetMocksTestExecutionListener@1500b2f3, org.springframework.boot.test.autoconfigure.restdocs.RestDocsTestExecutionListener@7eecb5b8, org.springframework.boot.test.autoconfigure.web.client.MockRestServiceServerResetTestExecutionListener@126253fd, org.springframework.boot.test.autoconfigure.web.servlet.MockMvcPrintOnlyOnFailureTestExecutionListener@57db2b13, org.springframework.boot.test.autoconfigure.web.servlet.WebDriverTestExecutionListener@475c9c31]
2021-12-14 01:15:02.672  INFO CrayTop2 --- [           main] c.e.l.Log4j2DemoApplicationTests         : Starting Log4j2DemoApplicationTests on CrayTop2 with PID 18653 (started by root in /mnt/c/Users/hackm/Local/Customers/GVIT/Log4jShell_Vulnerable_Site)
2021-12-14 01:15:02.866 DEBUG CrayTop2 --- [           main] c.e.l.Log4j2DemoApplicationTests         : Running with Spring Boot v2.0.0.RELEASE, Spring v5.0.4.RELEASE
2021-12-14 01:15:02.867  INFO CrayTop2 --- [           main] c.e.l.Log4j2DemoApplicationTests         : No active profile set, falling back to default profiles: default
2021-12-14 01:15:02.934  INFO CrayTop2 --- [           main] o.s.w.c.s.GenericWebApplicationContext   : Refreshing org.springframework.web.context.support.GenericWebApplicationContext@4416d64f: startup date [Tue Dec 14 01:15:02 CST 2021]; root of context hierarchy
2021-12-14 01:15:05.660  INFO CrayTop2 --- [           main] s.w.s.m.m.a.RequestMappingHandlerAdapter : Looking for @ControllerAdvice: org.springframework.web.context.support.GenericWebApplicationContext@4416d64f: startup date [Tue Dec 14 01:15:02 CST 2021]; root of context hierarchy
2021-12-14 01:15:05.882  INFO CrayTop2 --- [           main] s.w.s.m.m.a.RequestMappingHandlerMapping : Mapped "{[/saveDetails],methods=[POST]}" onto public java.lang.String com.example.log4j2demo.controller.Log4j2DemoController.saveDetails(java.lang.String,org.springframework.ui.ModelMap)
2021-12-14 01:15:05.884  INFO CrayTop2 --- [           main] s.w.s.m.m.a.RequestMappingHandlerMapping : Mapped "{[/],methods=[GET]}" onto public java.lang.String com.example.log4j2demo.controller.Log4j2DemoController.getForm(org.springframework.ui.Model)
2021-12-14 01:15:05.884  INFO CrayTop2 --- [           main] s.w.s.m.m.a.RequestMappingHandlerMapping : Mapped "{[/hello],methods=[GET]}" onto public java.lang.String com.example.log4j2demo.controller.Log4j2DemoController.getHello(java.lang.String,org.springframework.ui.Model)
2021-12-14 01:15:05.893  INFO CrayTop2 --- [           main] s.w.s.m.m.a.RequestMappingHandlerMapping : Mapped "{[/error],produces=[text/html]}" onto public org.springframework.web.servlet.ModelAndView org.springframework.boot.autoconfigure.web.servlet.error.BasicErrorController.errorHtml(javax.servlet.http.HttpServletRequest,javax.servlet.http.HttpServletResponse)
2021-12-14 01:15:05.896  INFO CrayTop2 --- [           main] s.w.s.m.m.a.RequestMappingHandlerMapping : Mapped "{[/error]}" onto public org.springframework.http.ResponseEntity<java.util.Map<java.lang.String, java.lang.Object>> org.springframework.boot.autoconfigure.web.servlet.error.BasicErrorController.error(javax.servlet.http.HttpServletRequest)
2021-12-14 01:15:05.988  INFO CrayTop2 --- [           main] o.s.w.s.h.SimpleUrlHandlerMapping        : Mapped URL path [/webjars/**] onto handler of type [class org.springframework.web.servlet.resource.ResourceHttpRequestHandler]
2021-12-14 01:15:05.989  INFO CrayTop2 --- [           main] o.s.w.s.h.SimpleUrlHandlerMapping        : Mapped URL path [/**] onto handler of type [class org.springframework.web.servlet.resource.ResourceHttpRequestHandler]
2021-12-14 01:15:06.079  INFO CrayTop2 --- [           main] o.s.w.s.h.SimpleUrlHandlerMapping        : Mapped URL path [/**/favicon.ico] onto handler of type [class org.springframework.web.servlet.resource.ResourceHttpRequestHandler]
2021-12-14 01:15:06.577  INFO CrayTop2 --- [           main] c.e.l.Log4j2DemoApplicationTests         : Started Log4j2DemoApplicationTests in 4.328 seconds (JVM running for 6.657)
2021-12-14 01:15:06.580 DEBUG CrayTop2 --- [           main] c.e.l.Log4j2DemoApplication              : !!!!!!!!!!Don't use this for anything important! Intentionally vulnerable!!!!!!!!
2021-12-14 01:15:06.875  INFO CrayTop2 --- [       Thread-2] o.s.w.c.s.GenericWebApplicationContext   : Closing org.springframework.web.context.support.GenericWebApplicationContext@4416d64f: startup date [Tue Dec 14 01:15:02 CST 2021]; root of context hierarchy
2021-12-14 01:17:28.360  INFO CrayTop2 --- [           main] .b.t.c.SpringBootTestContextBootstrapper : Neither @ContextConfiguration nor @ContextHierarchy found for test class [com.example.log4j2demo.Log4j2DemoApplicationTests], using SpringBootContextLoader
2021-12-14 01:17:28.378  INFO CrayTop2 --- [           main] o.s.t.c.s.AbstractContextLoader          : Could not detect default resource locations for test class [com.example.log4j2demo.Log4j2DemoApplicationTests]: no resource found for suffixes {-context.xml, Context.groovy}.
2021-12-14 01:17:28.379  INFO CrayTop2 --- [           main] t.c.s.AnnotationConfigContextLoaderUtils : Could not detect default configuration classes for test class [com.example.log4j2demo.Log4j2DemoApplicationTests]: Log4j2DemoApplicationTests does not declare any static, non-private, non-final, nested classes annotated with @Configuration.
2021-12-14 01:17:28.564  INFO CrayTop2 --- [           main] .b.t.c.SpringBootTestContextBootstrapper : Found @SpringBootConfiguration com.example.log4j2demo.Log4j2DemoApplication for test class com.example.log4j2demo.Log4j2DemoApplicationTests
2021-12-14 01:17:28.780  INFO CrayTop2 --- [           main] .b.t.c.SpringBootTestContextBootstrapper : Loaded default TestExecutionListener class names from location [META-INF/spring.factories]: [org.springframework.boot.test.mock.mockito.MockitoTestExecutionListener, org.springframework.boot.test.mock.mockito.ResetMocksTestExecutionListener, org.springframework.boot.test.autoconfigure.restdocs.RestDocsTestExecutionListener, org.springframework.boot.test.autoconfigure.web.client.MockRestServiceServerResetTestExecutionListener, org.springframework.boot.test.autoconfigure.web.servlet.MockMvcPrintOnlyOnFailureTestExecutionListener, org.springframework.boot.test.autoconfigure.web.servlet.WebDriverTestExecutionListener, org.springframework.test.context.web.ServletTestExecutionListener, org.springframework.test.context.support.DirtiesContextBeforeModesTestExecutionListener, org.springframework.test.context.support.DependencyInjectionTestExecutionListener, org.springframework.test.context.support.DirtiesContextTestExecutionListener, org.springframework.test.context.transaction.TransactionalTestExecutionListener, org.springframework.test.context.jdbc.SqlScriptsTestExecutionListener]
2021-12-14 01:17:28.815  INFO CrayTop2 --- [           main] .b.t.c.SpringBootTestContextBootstrapper : Using TestExecutionListeners: [org.springframework.test.context.web.ServletTestExecutionListener@47caedad, org.springframework.test.context.support.DirtiesContextBeforeModesTestExecutionListener@7139992f, org.springframework.boot.test.mock.mockito.MockitoTestExecutionListener@69504ae9, org.springframework.boot.test.autoconfigure.SpringBootDependencyInjectionTestExecutionListener@387a8303, org.springframework.test.context.support.DirtiesContextTestExecutionListener@28cda624, org.springframework.boot.test.mock.mockito.ResetMocksTestExecutionListener@1500b2f3, org.springframework.boot.test.autoconfigure.restdocs.RestDocsTestExecutionListener@7eecb5b8, org.springframework.boot.test.autoconfigure.web.client.MockRestServiceServerResetTestExecutionListener@126253fd, org.springframework.boot.test.autoconfigure.web.servlet.MockMvcPrintOnlyOnFailureTestExecutionListener@57db2b13, org.springframework.boot.test.autoconfigure.web.servlet.WebDriverTestExecutionListener@475c9c31]
2021-12-14 01:17:29.323  INFO CrayTop2 --- [           main] c.e.l.Log4j2DemoApplicationTests         : Starting Log4j2DemoApplicationTests on CrayTop2 with PID 18778 (started by root in /mnt/c/Users/hackm/Local/Customers/GVIT/Log4jShell_Vulnerable_Site)
2021-12-14 01:17:29.467 DEBUG CrayTop2 --- [           main] c.e.l.Log4j2DemoApplicationTests         : Running with Spring Boot v2.0.0.RELEASE, Spring v5.0.4.RELEASE
2021-12-14 01:17:29.468  INFO CrayTop2 --- [           main] c.e.l.Log4j2DemoApplicationTests         : No active profile set, falling back to default profiles: default
2021-12-14 01:17:29.543  INFO CrayTop2 --- [           main] o.s.w.c.s.GenericWebApplicationContext   : Refreshing org.springframework.web.context.support.GenericWebApplicationContext@4416d64f: startup date [Tue Dec 14 01:17:29 CST 2021]; root of context hierarchy
2021-12-14 01:17:32.065  INFO CrayTop2 --- [           main] s.w.s.m.m.a.RequestMappingHandlerAdapter : Looking for @ControllerAdvice: org.springframework.web.context.support.GenericWebApplicationContext@4416d64f: startup date [Tue Dec 14 01:17:29 CST 2021]; root of context hierarchy
2021-12-14 01:17:32.252  INFO CrayTop2 --- [           main] s.w.s.m.m.a.RequestMappingHandlerMapping : Mapped "{[/saveDetails],methods=[POST]}" onto public java.lang.String com.example.log4j2demo.controller.Log4j2DemoController.saveDetails(java.lang.String,org.springframework.ui.ModelMap)
2021-12-14 01:17:32.254  INFO CrayTop2 --- [           main] s.w.s.m.m.a.RequestMappingHandlerMapping : Mapped "{[/],methods=[GET]}" onto public java.lang.String com.example.log4j2demo.controller.Log4j2DemoController.getForm(java.lang.String,org.springframework.ui.Model)
2021-12-14 01:17:32.259  INFO CrayTop2 --- [           main] s.w.s.m.m.a.RequestMappingHandlerMapping : Mapped "{[/error],produces=[text/html]}" onto public org.springframework.web.servlet.ModelAndView org.springframework.boot.autoconfigure.web.servlet.error.BasicErrorController.errorHtml(javax.servlet.http.HttpServletRequest,javax.servlet.http.HttpServletResponse)
2021-12-14 01:17:32.260  INFO CrayTop2 --- [           main] s.w.s.m.m.a.RequestMappingHandlerMapping : Mapped "{[/error]}" onto public org.springframework.http.ResponseEntity<java.util.Map<java.lang.String, java.lang.Object>> org.springframework.boot.autoconfigure.web.servlet.error.BasicErrorController.error(javax.servlet.http.HttpServletRequest)
2021-12-14 01:17:32.347  INFO CrayTop2 --- [           main] o.s.w.s.h.SimpleUrlHandlerMapping        : Mapped URL path [/webjars/**] onto handler of type [class org.springframework.web.servlet.resource.ResourceHttpRequestHandler]
2021-12-14 01:17:32.347  INFO CrayTop2 --- [           main] o.s.w.s.h.SimpleUrlHandlerMapping        : Mapped URL path [/**] onto handler of type [class org.springframework.web.servlet.resource.ResourceHttpRequestHandler]
2021-12-14 01:17:32.441  INFO CrayTop2 --- [           main] o.s.w.s.h.SimpleUrlHandlerMapping        : Mapped URL path [/**/favicon.ico] onto handler of type [class org.springframework.web.servlet.resource.ResourceHttpRequestHandler]
2021-12-14 01:17:32.920  INFO CrayTop2 --- [           main] c.e.l.Log4j2DemoApplicationTests         : Started Log4j2DemoApplicationTests in 4.034 seconds (JVM running for 5.938)
2021-12-14 01:17:32.923 DEBUG CrayTop2 --- [           main] c.e.l.Log4j2DemoApplication              : !!!!!!!!!!Don't use this for anything important! Intentionally vulnerable!!!!!!!!
2021-12-14 01:17:33.229  INFO CrayTop2 --- [       Thread-2] o.s.w.c.s.GenericWebApplicationContext   : Closing org.springframework.web.context.support.GenericWebApplicationContext@4416d64f: startup date [Tue Dec 14 01:17:29 CST 2021]; root of context hierarchy
